Build started 9/7/2015 10:38:12.
     1>Project "D:\Program Files\GridLAB-D\code\trunk versions\gridlab-d-code-5154-trunk\generators\generators.vcxproj" on node 2 (build target(s)).
     1>InitializeBuildStatus:
         Touching "Win32\Debug\generators\generators.unsuccessfulbuild".
       ClCompile:
         d:\Program Files\Microsoft Visual Studio 10.0\VC\bin\CL.exe /c /ID:\ws\staff\include /I..\core /ZI /nologo /W3 /WX- /Od /Oy- /D WIN32 /D _DEBUG /D _WINDOWS /D _USRDLL /D _CRT_SECURE_NO_DEPRECATE /D _WINDLL /D _MBCS /Gm /EHsc /RTC1 /MDd /GS /fp:precise /Zc:wchar_t /Zc:forScope /Fo"Win32\Debug\generators\\" /Fd"Win32\Debug\generators\vc100.pdb" /Gd /TP /analyze- /errorReport:prompt solar_service.cpp
         solar_service.cpp
     1>d:\program files\gridlab-d\code\trunk versions\gridlab-d-code-5154-trunk\generators\solar_service.cpp(495): warning C4244: 'argument' : conversion from 'TIMESTAMP' to 'int', possible loss of data
     1>d:\program files\gridlab-d\code\trunk versions\gridlab-d-code-5154-trunk\generators\solar_service.cpp(495): warning C4244: 'argument' : conversion from 'TIMESTAMP' to 'int', possible loss of data
       ManifestResourceCompile:
         All outputs are up-to-date.
       Link:
         d:\Program Files\Microsoft Visual Studio 10.0\VC\bin\link.exe /ERRORREPORT:PROMPT /OUT:"..\VS2005\Win32\Debug\generators.dll" /INCREMENTAL /NOLOGO /LIBPATH:D:\ws\staff\lib /LIBPATH:..\VS2005\Win32\Debug\ staff_common.lib staff_client.lib staff_utils.lib kernel32.lib user32.lib gdi32.lib winspool.lib comdlg32.lib advapi32.lib shell32.lib ole32.lib oleaut32.lib uuid.lib odbc32.lib odbccp32.lib /MANIFEST /ManifestFile:"Win32\Debug\generators\generators.dll.intermediate.manifest" /MANIFESTUAC:"level='asInvoker' uiAccess='false'" /DEBUG /PDB:"D:\Program Files\GridLAB-D\code\trunk versions\gridlab-d-code-5154-trunk\VS2005\Win32\Debug\generators.pdb" /SUBSYSTEM:WINDOWS /TLBID:1 /DYNAMICBASE /NXCOMPAT /IMPLIB:"..\VS2005\Win32\Debug\generators.lib" /MACHINE:X86 /DLL Win32\Debug\generators\generators.dll.embed.manifest.res
         Win32\Debug\generators\battery.obj
         Win32\Debug\generators\central_dg_control.obj
         Win32\Debug\generators\dc_dc_converter.obj
         Win32\Debug\generators\diesel_dg.obj
         Win32\Debug\generators\energy_storage.obj
         Win32\Debug\generators\init.obj
         Win32\Debug\generators\inverter.obj
         Win32\Debug\generators\main.obj
         Win32\Debug\generators\microturbine.obj
         Win32\Debug\generators\microturbine_serviceProxy.obj
         Win32\Debug\generators\micro_service.obj
         Win32\Debug\generators\power_electronics.obj
         Win32\Debug\generators\rectifier.obj
         Win32\Debug\generators\solar.obj
         Win32\Debug\generators\solarGen_serviceProxy.obj
         Win32\Debug\generators\solar_service.obj
         Win32\Debug\generators\windturbine_serviceProxy.obj
         Win32\Debug\generators\windturb_dg.obj
         Win32\Debug\generators\wind_service.obj
       Manifest:
         D:\Program Files\Microsoft SDKs\Windows\v7.0A\bin\mt.exe /nologo /verbose /out:"Win32\Debug\generators\generators.dll.embed.manifest" /manifest Win32\Debug\generators\generators.dll.intermediate.manifest
         All outputs are up-to-date.
       LinkEmbedManifest:
         All outputs are up-to-date.
         generators.vcxproj -> D:\Program Files\GridLAB-D\code\trunk versions\gridlab-d-code-5154-trunk\generators\..\VS2005\Win32\Debug\generators.dll
       FinalizeBuildStatus:
         Deleting file "Win32\Debug\generators\generators.unsuccessfulbuild".
         Touching "Win32\Debug\generators\generators.lastbuildstate".
     1>Done Building Project "D:\Program Files\GridLAB-D\code\trunk versions\gridlab-d-code-5154-trunk\generators\generators.vcxproj" (build target(s)).

Build succeeded.

Time Elapsed 00:00:02.94
