..\VS2005\Win32\Debug\generators.ilk
..\VS2005\Win32\Debug\generators.pdb
D:\Program Files\GridLAB-D\code\trunk versions\gridlab-d-code-5154-trunk\generators\..\VS2005\Win32\Debug\generators.dll
D:\PROGRAM FILES\GRIDLAB-D\CODE\TRUNK VERSIONS\GRIDLAB-D-CODE-5154-TRUNK\GENERATORS\WIN32\DEBUG\GENERATORS\BATTERY.OBJ
D:\PROGRAM FILES\GRIDLAB-D\CODE\TRUNK VERSIONS\GRIDLAB-D-CODE-5154-TRUNK\GENERATORS\WIN32\DEBUG\GENERATORS\CENTRAL_DG_CONTROL.OBJ
D:\PROGRAM FILES\GRIDLAB-D\CODE\TRUNK VERSIONS\GRIDLAB-D-CODE-5154-TRUNK\GENERATORS\WIN32\DEBUG\GENERATORS\DC_DC_CONVERTER.OBJ
D:\PROGRAM FILES\GRIDLAB-D\CODE\TRUNK VERSIONS\GRIDLAB-D-CODE-5154-TRUNK\GENERATORS\WIN32\DEBUG\GENERATORS\DIESEL_DG.OBJ
D:\PROGRAM FILES\GRIDLAB-D\CODE\TRUNK VERSIONS\GRIDLAB-D-CODE-5154-TRUNK\GENERATORS\WIN32\DEBUG\GENERATORS\ENERGY_STORAGE.OBJ
D:\PROGRAM FILES\GRIDLAB-D\CODE\TRUNK VERSIONS\GRIDLAB-D-CODE-5154-TRUNK\GENERATORS\WIN32\DEBUG\GENERATORS\GENERATORS.DLL.EMBED.MANIFEST
D:\PROGRAM FILES\GRIDLAB-D\CODE\TRUNK VERSIONS\GRIDLAB-D-CODE-5154-TRUNK\GENERATORS\WIN32\DEBUG\GENERATORS\GENERATORS.DLL.EMBED.MANIFEST.RES
D:\PROGRAM FILES\GRIDLAB-D\CODE\TRUNK VERSIONS\GRIDLAB-D-CODE-5154-TRUNK\GENERATORS\WIN32\DEBUG\GENERATORS\GENERATORS.DLL.INTERMEDIATE.MANIFEST
D:\PROGRAM FILES\GRIDLAB-D\CODE\TRUNK VERSIONS\GRIDLAB-D-CODE-5154-TRUNK\GENERATORS\WIN32\DEBUG\GENERATORS\INIT.OBJ
D:\PROGRAM FILES\GRIDLAB-D\CODE\TRUNK VERSIONS\GRIDLAB-D-CODE-5154-TRUNK\GENERATORS\WIN32\DEBUG\GENERATORS\INVERTER.OBJ
D:\PROGRAM FILES\GRIDLAB-D\CODE\TRUNK VERSIONS\GRIDLAB-D-CODE-5154-TRUNK\GENERATORS\WIN32\DEBUG\GENERATORS\MAIN.OBJ
D:\PROGRAM FILES\GRIDLAB-D\CODE\TRUNK VERSIONS\GRIDLAB-D-CODE-5154-TRUNK\GENERATORS\WIN32\DEBUG\GENERATORS\MICROTURBINE.OBJ
D:\PROGRAM FILES\GRIDLAB-D\CODE\TRUNK VERSIONS\GRIDLAB-D-CODE-5154-TRUNK\GENERATORS\WIN32\DEBUG\GENERATORS\MICROTURBINE_CLIENT.OBJ
D:\PROGRAM FILES\GRIDLAB-D\CODE\TRUNK VERSIONS\GRIDLAB-D-CODE-5154-TRUNK\GENERATORS\WIN32\DEBUG\GENERATORS\MICROTURBINE_SERVICEPROXY.OBJ
D:\PROGRAM FILES\GRIDLAB-D\CODE\TRUNK VERSIONS\GRIDLAB-D-CODE-5154-TRUNK\GENERATORS\WIN32\DEBUG\GENERATORS\MT_AS_SERVICE.OBJ
D:\PROGRAM FILES\GRIDLAB-D\CODE\TRUNK VERSIONS\GRIDLAB-D-CODE-5154-TRUNK\GENERATORS\WIN32\DEBUG\GENERATORS\POWER_ELECTRONICS.OBJ
D:\PROGRAM FILES\GRIDLAB-D\CODE\TRUNK VERSIONS\GRIDLAB-D-CODE-5154-TRUNK\GENERATORS\WIN32\DEBUG\GENERATORS\RECTIFIER.OBJ
D:\PROGRAM FILES\GRIDLAB-D\CODE\TRUNK VERSIONS\GRIDLAB-D-CODE-5154-TRUNK\GENERATORS\WIN32\DEBUG\GENERATORS\S_AS_SERVICE.OBJ
D:\PROGRAM FILES\GRIDLAB-D\CODE\TRUNK VERSIONS\GRIDLAB-D-CODE-5154-TRUNK\GENERATORS\WIN32\DEBUG\GENERATORS\SOLAR.OBJ
D:\PROGRAM FILES\GRIDLAB-D\CODE\TRUNK VERSIONS\GRIDLAB-D-CODE-5154-TRUNK\GENERATORS\WIN32\DEBUG\GENERATORS\SOLAR_CLIENT.OBJ
D:\PROGRAM FILES\GRIDLAB-D\CODE\TRUNK VERSIONS\GRIDLAB-D-CODE-5154-TRUNK\GENERATORS\WIN32\DEBUG\GENERATORS\SOLAR_SERVICEPROXY.OBJ
D:\PROGRAM FILES\GRIDLAB-D\CODE\TRUNK VERSIONS\GRIDLAB-D-CODE-5154-TRUNK\GENERATORS\WIN32\DEBUG\GENERATORS\SOLARGEN_SERVICEPROXY.OBJ
D:\PROGRAM FILES\GRIDLAB-D\CODE\TRUNK VERSIONS\GRIDLAB-D-CODE-5154-TRUNK\GENERATORS\WIN32\DEBUG\GENERATORS\VC100.PDB
D:\PROGRAM FILES\GRIDLAB-D\CODE\TRUNK VERSIONS\GRIDLAB-D-CODE-5154-TRUNK\GENERATORS\WIN32\DEBUG\GENERATORS\WINDTURB_DG.OBJ
D:\PROGRAM FILES\GRIDLAB-D\CODE\TRUNK VERSIONS\GRIDLAB-D-CODE-5154-TRUNK\GENERATORS\WIN32\DEBUG\GENERATORS\WINDTURBINE_CLIENT.OBJ
D:\PROGRAM FILES\GRIDLAB-D\CODE\TRUNK VERSIONS\GRIDLAB-D-CODE-5154-TRUNK\GENERATORS\WIN32\DEBUG\GENERATORS\WINDTURBINE_SERVICEPROXY.OBJ
D:\PROGRAM FILES\GRIDLAB-D\CODE\TRUNK VERSIONS\GRIDLAB-D-CODE-5154-TRUNK\GENERATORS\WIN32\DEBUG\GENERATORS\WT_AS_SERVICE.OBJ
D:\PROGRAM FILES\GRIDLAB-D\CODE\TRUNK VERSIONS\GRIDLAB-D-CODE-5154-TRUNK\VS2005\WIN32\DEBUG\GENERATORS.DLL
D:\Program Files\GridLAB-D\code\trunk versions\gridlab-d-code-5154-trunk\VS2005\Win32\Debug\generators.exp
D:\PROGRAM FILES\GRIDLAB-D\CODE\TRUNK VERSIONS\GRIDLAB-D-CODE-5154-TRUNK\VS2005\WIN32\DEBUG\GENERATORS.ILK
D:\Program Files\GridLAB-D\code\trunk versions\gridlab-d-code-5154-trunk\VS2005\Win32\Debug\generators.lib
D:\PROGRAM FILES\GRIDLAB-D\CODE\TRUNK VERSIONS\GRIDLAB-D-CODE-5154-TRUNK\VS2005\WIN32\DEBUG\GENERATORS.PDB
